[23-Jul-2018 03:00:12 UTC] PHP Warning:  Missing argument 1 for getCategories(), called in /home/ubuntu/workspace/cst336/final/index.php on line 107 and defined in /home/ubuntu/workspace/cst336/final/functions.php on line 13
[23-Jul-2018 03:00:12 UTC] PHP Stack trace:
[23-Jul-2018 03:00:12 UTC] PHP   1. {main}() /home/ubuntu/workspace/cst336/final/index.php:0
[23-Jul-2018 03:00:12 UTC] PHP   2. getCategories() /home/ubuntu/workspace/cst336/final/index.php:107
[23-Jul-2018 03:00:59 UTC] PHP Warning:  Missing argument 1 for getCategories(), called in /home/ubuntu/workspace/cst336/final/index.php on line 108 and defined in /home/ubuntu/workspace/cst336/final/functions.php on line 13
[23-Jul-2018 03:00:59 UTC] PHP Stack trace:
[23-Jul-2018 03:00:59 UTC] PHP   1. {main}() /home/ubuntu/workspace/cst336/final/index.php:0
[23-Jul-2018 03:00:59 UTC] PHP   2. getCategories() /home/ubuntu/workspace/cst336/final/index.php:108
[23-Jul-2018 03:04:04 UTC] PHP Warning:  Missing argument 1 for getCategories(), called in /home/ubuntu/workspace/cst336/final/index.php on line 108 and defined in /home/ubuntu/workspace/cst336/final/functions.php on line 13
[23-Jul-2018 03:04:04 UTC] PHP Stack trace:
[23-Jul-2018 03:04:04 UTC] PHP   1. {main}() /home/ubuntu/workspace/cst336/final/index.php:0
[23-Jul-2018 03:04:04 UTC] PHP   2. getCategories() /home/ubuntu/workspace/cst336/final/index.php:108
[23-Jul-2018 03:05:47 UTC] PHP Warning:  Missing argument 1 for getCategories(), called in /home/ubuntu/workspace/cst336/final/index.php on line 108 and defined in /home/ubuntu/workspace/cst336/final/functions.php on line 13
[23-Jul-2018 03:05:47 UTC] PHP Stack trace:
[23-Jul-2018 03:05:47 UTC] PHP   1. {main}() /home/ubuntu/workspace/cst336/final/index.php:0
[23-Jul-2018 03:05:47 UTC] PHP   2. getCategories() /home/ubuntu/workspace/cst336/final/index.php:108
[23-Jul-2018 03:07:02 UTC] PHP Warning:  Missing argument 1 for getCategories(), called in /home/ubuntu/workspace/cst336/final/index.php on line 108 and defined in /home/ubuntu/workspace/cst336/final/functions.php on line 13
[23-Jul-2018 03:07:02 UTC] PHP Stack trace:
[23-Jul-2018 03:07:02 UTC] PHP   1. {main}() /home/ubuntu/workspace/cst336/final/index.php:0
[23-Jul-2018 03:07:02 UTC] PHP   2. getCategories() /home/ubuntu/workspace/cst336/final/index.php:108
[23-Jul-2018 03:12:02 UTC] PHP Fatal error:  Call to undefined function getProducts() in /home/ubuntu/workspace/cst336/final/index.php on line 18
[23-Jul-2018 03:12:02 UTC] PHP Stack trace:
[23-Jul-2018 03:12:02 UTC] PHP   1. {main}() /home/ubuntu/workspace/cst336/final/index.php:0
[23-Jul-2018 03:12:04 UTC] PHP Warning:  Missing argument 1 for getCategories(), called in /home/ubuntu/workspace/cst336/final/index.php on line 110 and defined in /home/ubuntu/workspace/cst336/final/functions.php on line 13
[23-Jul-2018 03:12:04 UTC] PHP Stack trace:
[23-Jul-2018 03:12:04 UTC] PHP   1. {main}() /home/ubuntu/workspace/cst336/final/index.php:0
[23-Jul-2018 03:12:04 UTC] PHP   2. getCategories() /home/ubuntu/workspace/cst336/final/index.php:110
[23-Jul-2018 03:26:28 UTC] PHP Warning:  Missing argument 1 for getCategories(), called in /home/ubuntu/workspace/cst336/final/index.php on line 110 and defined in /home/ubuntu/workspace/cst336/final/functions.php on line 13
[23-Jul-2018 03:26:28 UTC] PHP Stack trace:
[23-Jul-2018 03:26:28 UTC] PHP   1. {main}() /home/ubuntu/workspace/cst336/final/index.php:0
[23-Jul-2018 03:26:28 UTC] PHP   2. getCategories() /home/ubuntu/workspace/cst336/final/index.php:110
[23-Jul-2018 03:26:30 UTC] PHP Fatal error:  Call to undefined function getProducts() in /home/ubuntu/workspace/cst336/final/index.php on line 18
[23-Jul-2018 03:26:30 UTC] PHP Stack trace:
[23-Jul-2018 03:26:30 UTC] PHP   1. {main}() /home/ubuntu/workspace/cst336/final/index.php:0
[23-Jul-2018 03:26:46 UTC] PHP Fatal error:  Uncaught exception 'PDOException' with message 'SQLSTATE[42000]: Syntax error or access violation: 1064 You have an error in your SQL syntax; check the manual that corresponds to your MySQL server version for the right syntax to use near 'ORDER BY Name' at line 1' in /home/ubuntu/workspace/cst336/final/functions.php:59
Stack trace:
#0 /home/ubuntu/workspace/cst336/final/functions.php(59): PDOStatement->execute()
#1 /home/ubuntu/workspace/cst336/final/index.php(18): getProducts('', '')
#2 {main}
  thrown in /home/ubuntu/workspace/cst336/final/functions.php on line 59
[23-Jul-2018 03:27:49 UTC] PHP Warning:  Missing argument 1 for getCategories(), called in /home/ubuntu/workspace/cst336/final/index.php on line 110 and defined in /home/ubuntu/workspace/cst336/final/functions.php on line 14
[23-Jul-2018 03:27:49 UTC] PHP Stack trace:
[23-Jul-2018 03:27:49 UTC] PHP   1. {main}() /home/ubuntu/workspace/cst336/final/index.php:0
[23-Jul-2018 03:27:49 UTC] PHP   2. getCategories() /home/ubuntu/workspace/cst336/final/index.php:110
[23-Jul-2018 03:27:52 UTC] PHP Warning:  Missing argument 1 for getCategories(), called in /home/ubuntu/workspace/cst336/final/index.php on line 110 and defined in /home/ubuntu/workspace/cst336/final/functions.php on line 14
[23-Jul-2018 03:27:52 UTC] PHP Stack trace:
[23-Jul-2018 03:27:52 UTC] PHP   1. {main}() /home/ubuntu/workspace/cst336/final/index.php:0
[23-Jul-2018 03:27:52 UTC] PHP   2. getCategories() /home/ubuntu/workspace/cst336/final/index.php:110
[23-Jul-2018 03:27:55 UTC] PHP Fatal error:  Uncaught exception 'PDOException' with message 'SQLSTATE[42000]: Syntax error or access violation: 1064 You have an error in your SQL syntax; check the manual that corresponds to your MySQL server version for the right syntax to use near 'ORDER BY Name' at line 1' in /home/ubuntu/workspace/cst336/final/functions.php:62
Stack trace:
#0 /home/ubuntu/workspace/cst336/final/functions.php(62): PDOStatement->execute()
#1 /home/ubuntu/workspace/cst336/final/index.php(18): getProducts('', '')
#2 {main}
  thrown in /home/ubuntu/workspace/cst336/final/functions.php on line 62
[23-Jul-2018 03:28:58 UTC] PHP Warning:  Missing argument 1 for getCategories(), called in /home/ubuntu/workspace/cst336/final/index.php on line 110 and defined in /home/ubuntu/workspace/cst336/final/functions.php on line 14
[23-Jul-2018 03:28:58 UTC] PHP Stack trace:
[23-Jul-2018 03:28:58 UTC] PHP   1. {main}() /home/ubuntu/workspace/cst336/final/index.php:0
[23-Jul-2018 03:28:58 UTC] PHP   2. getCategories() /home/ubuntu/workspace/cst336/final/index.php:110
[28-Jul-2018 16:00:55 UTC] PHP Warning:  Missing argument 1 for getCategories(), called in /home/ubuntu/workspace/cst336/final/index.php on line 110 and defined in /home/ubuntu/workspace/cst336/final/functions.php on line 14
[28-Jul-2018 16:00:55 UTC] PHP Stack trace:
[28-Jul-2018 16:00:55 UTC] PHP   1. {main}() /home/ubuntu/workspace/cst336/final/index.php:0
[28-Jul-2018 16:00:55 UTC] PHP   2. getCategories() /home/ubuntu/workspace/cst336/final/index.php:110
[28-Jul-2018 20:40:34 UTC] PHP Parse error:  syntax error, unexpected 'break' (T_BREAK) in /home/ubuntu/workspace/cst336/practicefinal/app.php on line 20
[31-Jul-2018 08:32:47 UTC] PHP Fatal error:  Call to undefined function alert() in /home/ubuntu/workspace/cst336/practicefinal/app.php on line 7
[31-Jul-2018 08:32:47 UTC] PHP Stack trace:
[31-Jul-2018 08:32:47 UTC] PHP   1. {main}() /home/ubuntu/workspace/cst336/practicefinal/app.php:0
[31-Jul-2018 08:33:27 UTC] PHP Parse error:  syntax error, unexpected ')', expecting ',' or ';' in /home/ubuntu/workspace/cst336/practicefinal/app.php on line 7
[31-Jul-2018 23:20:05 UTC] PHP Warning:  Missing argument 1 for getCategories(), called in /home/ubuntu/workspace/cst336/final/index.php on line 110 and defined in /home/ubuntu/workspace/cst336/final/functions.php on line 14
[31-Jul-2018 23:20:05 UTC] PHP Stack trace:
[31-Jul-2018 23:20:05 UTC] PHP   1. {main}() /home/ubuntu/workspace/cst336/final/index.php:0
[31-Jul-2018 23:20:05 UTC] PHP   2. getCategories() /home/ubuntu/workspace/cst336/final/index.php:110
[31-Jul-2018 23:20:13 UTC] PHP Warning:  Missing argument 1 for getCategories(), called in /home/ubuntu/workspace/cst336/final/index.php on line 110 and defined in /home/ubuntu/workspace/cst336/final/functions.php on line 14
[31-Jul-2018 23:20:13 UTC] PHP Stack trace:
[31-Jul-2018 23:20:13 UTC] PHP   1. {main}() /home/ubuntu/workspace/cst336/final/index.php:0
[31-Jul-2018 23:20:13 UTC] PHP   2. getCategories() /home/ubuntu/workspace/cst336/final/index.php:110
[31-Jul-2018 23:20:18 UTC] PHP Warning:  Missing argument 1 for getCategories(), called in /home/ubuntu/workspace/cst336/final/index.php on line 110 and defined in /home/ubuntu/workspace/cst336/final/functions.php on line 14
[31-Jul-2018 23:20:18 UTC] PHP Stack trace:
[31-Jul-2018 23:20:18 UTC] PHP   1. {main}() /home/ubuntu/workspace/cst336/final/index.php:0
[31-Jul-2018 23:20:18 UTC] PHP   2. getCategories() /home/ubuntu/workspace/cst336/final/index.php:110
[31-Jul-2018 23:40:46 UTC] PHP Warning:  Missing argument 1 for getCategories(), called in /home/ubuntu/workspace/cst336/final/index.php on line 110 and defined in /home/ubuntu/workspace/cst336/final/functions.php on line 14
[31-Jul-2018 23:40:46 UTC] PHP Stack trace:
[31-Jul-2018 23:40:46 UTC] PHP   1. {main}() /home/ubuntu/workspace/cst336/final/index.php:0
[31-Jul-2018 23:40:46 UTC] PHP   2. getCategories() /home/ubuntu/workspace/cst336/final/index.php:110
[01-Aug-2018 00:05:26 UTC] PHP Fatal error:  Call to a member function prepare() on a non-object in /home/ubuntu/workspace/cst336/final/functions.php on line 41
[01-Aug-2018 00:05:26 UTC] PHP Stack trace:
[01-Aug-2018 00:05:26 UTC] PHP   1. {main}() /home/ubuntu/workspace/cst336/final/index.php:0
[01-Aug-2018 00:05:26 UTC] PHP   2. getProducts() /home/ubuntu/workspace/cst336/final/index.php:18
[01-Aug-2018 00:06:40 UTC] PHP Fatal error:  Call to a member function prepare() on a non-object in /home/ubuntu/workspace/cst336/final/functions.php on line 44
[01-Aug-2018 00:06:40 UTC] PHP Stack trace:
[01-Aug-2018 00:06:40 UTC] PHP   1. {main}() /home/ubuntu/workspace/cst336/final/index.php:0
[01-Aug-2018 00:06:40 UTC] PHP   2. getProducts() /home/ubuntu/workspace/cst336/final/index.php:18
[01-Aug-2018 00:06:47 UTC] PHP Fatal error:  Call to a member function prepare() on a non-object in /home/ubuntu/workspace/cst336/final/functions.php on line 13
[01-Aug-2018 00:06:47 UTC] PHP Stack trace:
[01-Aug-2018 00:06:47 UTC] PHP   1. {main}() /home/ubuntu/workspace/cst336/final/index.php:0
[01-Aug-2018 00:06:47 UTC] PHP   2. getCategories() /home/ubuntu/workspace/cst336/final/index.php:110
[01-Aug-2018 00:07:59 UTC] PHP Fatal error:  Call to a member function prepare() on a non-object in /home/ubuntu/workspace/cst336/final/functions.php on line 44
[01-Aug-2018 00:07:59 UTC] PHP Stack trace:
[01-Aug-2018 00:07:59 UTC] PHP   1. {main}() /home/ubuntu/workspace/cst336/final/index.php:0
[01-Aug-2018 00:07:59 UTC] PHP   2. getProducts() /home/ubuntu/workspace/cst336/final/index.php:23
[01-Aug-2018 00:09:08 UTC] PHP Fatal error:  Uncaught exception 'PDOException' with message 'SQLSTATE[42S22]: Column not found: 1054 Unknown column 'productName' in 'order clause'' in /home/ubuntu/workspace/cst336/final/functions.php:47
Stack trace:
#0 /home/ubuntu/workspace/cst336/final/functions.php(47): PDOStatement->execute(NULL)
#1 /home/ubuntu/workspace/cst336/final/index.php(23): getProducts(NULL, NULL)
#2 {main}
  thrown in /home/ubuntu/workspace/cst336/final/functions.php on line 47
[01-Aug-2018 00:25:11 UTC] PHP Parse error:  syntax error, unexpected ':', expecting ',' or ';' in /home/ubuntu/workspace/cst336/final/functions.php on line 90
[01-Aug-2018 00:25:11 UTC] PHP Stack trace:
[01-Aug-2018 00:25:11 UTC] PHP   1. {main}() /home/ubuntu/workspace/cst336/final/index.php:0
[01-Aug-2018 00:39:11 UTC] PHP Parse error:  syntax error, unexpected 'rand' (T_STRING), expecting ',' or ';' in /home/ubuntu/workspace/cst336/final/functions.php on line 173
[01-Aug-2018 00:39:11 UTC] PHP Stack trace:
[01-Aug-2018 00:39:11 UTC] PHP   1. {main}() /home/ubuntu/workspace/cst336/final/index.php:0
