[02-Jul-2018 18:33:11 UTC] PHP Parse error:  syntax error, unexpected 'echo' (T_ECHO), expecting ',' or ';' in /home/ubuntu/workspace/cst336/labs/lab4/scart/index.php on line 7
[03-Jul-2018 00:01:36 UTC] PHP Fatal error:  Call to undefined function displayResults() in /home/ubuntu/workspace/cst336/labs/lab4/scart/index.php on line 63
[03-Jul-2018 00:01:36 UTC] PHP Stack trace:
[03-Jul-2018 00:01:36 UTC] PHP   1. {main}() /home/ubuntu/workspace/cst336/labs/lab4/scart/index.php:0
[03-Jul-2018 00:01:42 UTC] PHP Fatal error:  Call to undefined function displayResults() in /home/ubuntu/workspace/cst336/labs/lab4/scart/index.php on line 63
[03-Jul-2018 00:01:42 UTC] PHP Stack trace:
[03-Jul-2018 00:01:42 UTC] PHP   1. {main}() /home/ubuntu/workspace/cst336/labs/lab4/scart/index.php:0
[03-Jul-2018 00:32:52 UTC] PHP Warning:  array_push() expects parameter 1 to be array, string given in /home/ubuntu/workspace/cst336/labs/lab4/scart/index.php on line 15
[03-Jul-2018 00:32:52 UTC] PHP Stack trace:
[03-Jul-2018 00:32:52 UTC] PHP   1. {main}() /home/ubuntu/workspace/cst336/labs/lab4/scart/index.php:0
[03-Jul-2018 00:32:52 UTC] PHP   2. array_push() /home/ubuntu/workspace/cst336/labs/lab4/scart/index.php:15
[03-Jul-2018 00:34:12 UTC] PHP Fatal error:  Call to undefined function displayCart() in /home/ubuntu/workspace/cst336/labs/lab4/scart/scart.php on line 38
[03-Jul-2018 00:34:12 UTC] PHP Stack trace:
[03-Jul-2018 00:34:12 UTC] PHP   1. {main}() /home/ubuntu/workspace/cst336/labs/lab4/scart/scart.php:0
[03-Jul-2018 00:34:49 UTC] PHP Fatal error:  Call to undefined function displayCart() in /home/ubuntu/workspace/cst336/labs/lab4/scart/scart.php on line 40
[03-Jul-2018 00:34:49 UTC] PHP Stack trace:
[03-Jul-2018 00:34:49 UTC] PHP   1. {main}() /home/ubuntu/workspace/cst336/labs/lab4/scart/scart.php:0
[03-Jul-2018 00:34:56 UTC] PHP Fatal error:  Call to undefined function displayCart() in /home/ubuntu/workspace/cst336/labs/lab4/scart/scart.php on line 40
[03-Jul-2018 00:34:56 UTC] PHP Stack trace:
[03-Jul-2018 00:34:56 UTC] PHP   1. {main}() /home/ubuntu/workspace/cst336/labs/lab4/scart/scart.php:0
[03-Jul-2018 00:35:21 UTC] PHP Fatal error:  Call to undefined function displayCart() in /home/ubuntu/workspace/cst336/labs/lab4/scart/scart.php on line 40
[03-Jul-2018 00:35:21 UTC] PHP Stack trace:
[03-Jul-2018 00:35:21 UTC] PHP   1. {main}() /home/ubuntu/workspace/cst336/labs/lab4/scart/scart.php:0
[03-Jul-2018 00:35:46 UTC] PHP Fatal error:  Call to undefined function displayCart() in /home/ubuntu/workspace/cst336/labs/lab4/scart/scart.php on line 40
[03-Jul-2018 00:35:46 UTC] PHP Stack trace:
[03-Jul-2018 00:35:46 UTC] PHP   1. {main}() /home/ubuntu/workspace/cst336/labs/lab4/scart/scart.php:0
