[23-Jun-2018 06:37:24 UTC] PHP Parse error:  syntax error, unexpected ':' in /home/ubuntu/workspace/cst336/labs/lab2/index.php on line 25
[23-Jun-2018 06:46:04 UTC] PHP Parse error:  syntax error, unexpected 'img' (T_STRING), expecting ',' or ';' in /home/ubuntu/workspace/cst336/labs/lab2/index.php on line 35
[23-Jun-2018 07:12:44 UTC] PHP Parse error:  syntax error, unexpected 'function' (T_FUNCTION), expecting ',' or ';' in /home/ubuntu/workspace/cst336/labs/lab2/index.php on line 23
[23-Jun-2018 07:24:47 UTC] PHP Fatal error:  Call to undefined function displaySymbol() in /home/ubuntu/workspace/cst336/labs/lab2/index.php on line 15
[23-Jun-2018 07:24:47 UTC] PHP Stack trace:
[23-Jun-2018 07:24:47 UTC] PHP   1. {main}() /home/ubuntu/workspace/cst336/labs/lab2/index.php:0
[23-Jun-2018 07:49:38 UTC] PHP Parse error:  syntax error, unexpected '}', expecting ',' or ';' in /home/ubuntu/workspace/cst336/labs/lab2/inc/functions.php on line 76
[23-Jun-2018 07:49:38 UTC] PHP Stack trace:
[23-Jun-2018 07:49:38 UTC] PHP   1. {main}() /home/ubuntu/workspace/cst336/labs/lab2/index.php:0
[23-Jun-2018 07:50:51 UTC] PHP Parse error:  syntax error, unexpected 'echo' (T_ECHO), expecting ',' or ';' in /home/ubuntu/workspace/cst336/labs/lab2/inc/functions.php on line 73
[23-Jun-2018 07:50:51 UTC] PHP Stack trace:
[23-Jun-2018 07:50:51 UTC] PHP   1. {main}() /home/ubuntu/workspace/cst336/labs/lab2/index.php:0
[02-Jul-2018 17:02:59 UTC] PHP Parse error:  syntax error, unexpected 'unset' (T_UNSET), expecting ',' or ';' in /home/ubuntu/workspace/cst336/labs/lab3/index.php on line 62
[02-Jul-2018 17:03:17 UTC] PHP Parse error:  syntax error, unexpected end of file in /home/ubuntu/workspace/cst336/labs/lab3/index.php on line 81
[02-Jul-2018 17:14:38 UTC] PHP Parse error:  syntax error, unexpected '++' (T_INC), expecting ')' in /home/ubuntu/workspace/cst336/labs/lab3/index.php on line 47
[02-Jul-2018 17:16:14 UTC] PHP Parse error:  syntax error, unexpected '++' (T_INC), expecting ')' in /home/ubuntu/workspace/cst336/labs/lab3/index.php on line 47
[02-Jul-2018 17:24:19 UTC] PHP Parse error:  syntax error, unexpected '/' in /home/ubuntu/workspace/cst336/labs/lab3/index.php on line 72
[02-Jul-2018 18:14:07 UTC] PHP Fatal error:  Maximum execution time of 300 seconds exceeded in /home/ubuntu/workspace/cst336/labs/lab3/index.php on line 69
[02-Jul-2018 18:14:07 UTC] PHP Stack trace:
[02-Jul-2018 18:14:07 UTC] PHP   1. {main}() /home/ubuntu/workspace/cst336/labs/lab3/index.php:0
[02-Jul-2018 18:16:21 UTC] PHP Fatal error:  Call to undefined function lenth() in /home/ubuntu/workspace/cst336/labs/lab3/index.php on line 13
[02-Jul-2018 18:16:21 UTC] PHP Stack trace:
[02-Jul-2018 18:16:21 UTC] PHP   1. {main}() /home/ubuntu/workspace/cst336/labs/lab3/index.php:0
[02-Jul-2018 18:16:32 UTC] PHP Fatal error:  Call to undefined function lenth() in /home/ubuntu/workspace/cst336/labs/lab3/index.php on line 13
[02-Jul-2018 18:16:32 UTC] PHP Stack trace:
[02-Jul-2018 18:16:32 UTC] PHP   1. {main}() /home/ubuntu/workspace/cst336/labs/lab3/index.php:0
[08-Jul-2018 06:43:50 UTC] PHP Fatal error:  Undefined class constant 'fetchAll' in /home/ubuntu/workspace/cst336/labs/lab5/purchaseHistory.php on line 19
[08-Jul-2018 06:43:50 UTC] PHP Stack trace:
[08-Jul-2018 06:43:50 UTC] PHP   1. {main}() /home/ubuntu/workspace/cst336/labs/lab5/purchaseHistory.php:0
[08-Jul-2018 06:49:50 UTC] PHP Fatal error:  Undefined class constant 'fetchAll' in /home/ubuntu/workspace/cst336/labs/lab5/purchaseHistory.php on line 19
[08-Jul-2018 06:49:50 UTC] PHP Stack trace:
[08-Jul-2018 06:49:50 UTC] PHP   1. {main}() /home/ubuntu/workspace/cst336/labs/lab5/purchaseHistory.php:0
[16-Jul-2018 05:24:35 UTC] PHP Fatal error:  Call to a member function prepare() on a non-object in /home/ubuntu/workspace/cst336/labs/lab6/admin.php on line 16
[16-Jul-2018 05:24:35 UTC] PHP Stack trace:
[16-Jul-2018 05:24:35 UTC] PHP   1. {main}() /home/ubuntu/workspace/cst336/labs/lab6/admin.php:0
[16-Jul-2018 05:24:35 UTC] PHP   2. displayAllProducts() /home/ubuntu/workspace/cst336/labs/lab6/admin.php:26
[16-Jul-2018 05:25:22 UTC] PHP Fatal error:  Call to a member function prepare() on a non-object in /home/ubuntu/workspace/cst336/labs/lab6/admin.php on line 17
[16-Jul-2018 05:25:22 UTC] PHP Stack trace:
[16-Jul-2018 05:25:22 UTC] PHP   1. {main}() /home/ubuntu/workspace/cst336/labs/lab6/admin.php:0
[16-Jul-2018 05:25:22 UTC] PHP   2. displayAllProducts() /home/ubuntu/workspace/cst336/labs/lab6/admin.php:27
[16-Jul-2018 05:27:46 UTC] PHP Fatal error:  Call to a member function prepare() on a non-object in /home/ubuntu/workspace/cst336/labs/lab6/admin.php on line 18
[16-Jul-2018 05:27:46 UTC] PHP Stack trace:
[16-Jul-2018 05:27:46 UTC] PHP   1. {main}() /home/ubuntu/workspace/cst336/labs/lab6/admin.php:0
[16-Jul-2018 05:27:46 UTC] PHP   2. displayAllProducts() /home/ubuntu/workspace/cst336/labs/lab6/admin.php:28
[16-Jul-2018 07:15:15 UTC] PHP Fatal error:  Uncaught exception 'PDOException' with message 'SQLSTATE[23000]: Integrity constraint violation: 1048 Column 'productDescription' cannot be null' in /home/ubuntu/workspace/cst336/labs/lab6/addProduct.php:53
Stack trace:
#0 /home/ubuntu/workspace/cst336/labs/lab6/addProduct.php(53): PDOStatement->execute(Array)
#1 {main}
  thrown in /home/ubuntu/workspace/cst336/labs/lab6/addProduct.php on line 53
[16-Jul-2018 07:16:34 UTC] PHP Fatal error:  Uncaught exception 'PDOException' with message 'SQLSTATE[23000]: Integrity constraint violation: 1048 Column 'price' cannot be null' in /home/ubuntu/workspace/cst336/labs/lab6/addProduct.php:53
Stack trace:
#0 /home/ubuntu/workspace/cst336/labs/lab6/addProduct.php(53): PDOStatement->execute(Array)
#1 {main}
  thrown in /home/ubuntu/workspace/cst336/labs/lab6/addProduct.php on line 53
